<?xml version="1.0" encoding="UTF-8"?>
<testng-results ignored="0" total="1" passed="1" failed="0" skipped="0">
  <reporter-output>
  </reporter-output>
  <suite started-at="2023-04-20T21:21:51 IST" name="Default suite" finished-at="2023-04-20T21:22:07 IST" duration-ms="16567">
    <groups>
    </groups>
    <test started-at="2023-04-20T21:21:51 IST" name="Default test" finished-at="2023-04-20T21:22:07 IST" duration-ms="16567">
      <class name="com.amazon.e2e.Google">
        <test-method is-config="true" signature="beforeClass()[pri:0, instance:com.amazon.e2e.Google@48f2bd5b]" started-at="2023-04-20T21:21:51 IST" name="beforeClass" finished-at="2023-04-20T21:22:07 IST" duration-ms="16459" status="PASS">
          <reporter-output>
          </reporter-output>
        </test-method> <!-- beforeClass -->
        <test-method signature="search()[pri:0, instance:com.amazon.e2e.Google@48f2bd5b]" started-at="2023-04-20T21:22:07 IST" name="search" finished-at="2023-04-20T21:22:07 IST" duration-ms="76" status="PASS">
          <reporter-output>
          </reporter-output>
        </test-method> <!-- search -->
      </class> <!-- com.amazon.e2e.Google -->
    </test> <!-- Default test -->
  </suite> <!-- Default suite -->
</testng-results>
